C:\Users\IT\source\repos\Chat\Chat\node_modules\uri-js\dist\esnext\util.js
C:\Users\IT\source\repos\Chat\Chat\node_modules\uri-js\dist\esnext\util.js.map
C:\Users\IT\source\repos\Chat\Chat\node_modules\uri-js\dist\esnext\util.d.ts
C:\Users\IT\source\repos\Chat\Chat\node_modules\uri-js\dist\esnext\regexps-uri.js
C:\Users\IT\source\repos\Chat\Chat\node_modules\uri-js\dist\esnext\regexps-uri.js.map
C:\Users\IT\source\repos\Chat\Chat\node_modules\uri-js\dist\esnext\regexps-uri.d.ts
C:\Users\IT\source\repos\Chat\Chat\node_modules\uri-js\dist\esnext\regexps-iri.js
C:\Users\IT\source\repos\Chat\Chat\node_modules\uri-js\dist\esnext\regexps-iri.js.map
C:\Users\IT\source\repos\Chat\Chat\node_modules\uri-js\dist\esnext\regexps-iri.d.ts
C:\Users\IT\source\repos\Chat\Chat\node_modules\uri-js\dist\esnext\uri.js
C:\Users\IT\source\repos\Chat\Chat\node_modules\uri-js\dist\esnext\uri.js.map
C:\Users\IT\source\repos\Chat\Chat\node_modules\uri-js\dist\esnext\uri.d.ts
C:\Users\IT\source\repos\Chat\Chat\node_modules\uri-js\dist\esnext\schemes\http.js
C:\Users\IT\source\repos\Chat\Chat\node_modules\uri-js\dist\esnext\schemes\http.js.map
C:\Users\IT\source\repos\Chat\Chat\node_modules\uri-js\dist\esnext\schemes\http.d.ts
C:\Users\IT\source\repos\Chat\Chat\node_modules\uri-js\dist\esnext\schemes\https.js
C:\Users\IT\source\repos\Chat\Chat\node_modules\uri-js\dist\esnext\schemes\https.js.map
C:\Users\IT\source\repos\Chat\Chat\node_modules\uri-js\dist\esnext\schemes\https.d.ts
C:\Users\IT\source\repos\Chat\Chat\node_modules\uri-js\dist\esnext\schemes\mailto.js
C:\Users\IT\source\repos\Chat\Chat\node_modules\uri-js\dist\esnext\schemes\mailto.js.map
C:\Users\IT\source\repos\Chat\Chat\node_modules\uri-js\dist\esnext\schemes\mailto.d.ts
C:\Users\IT\source\repos\Chat\Chat\node_modules\uri-js\dist\esnext\schemes\urn.js
C:\Users\IT\source\repos\Chat\Chat\node_modules\uri-js\dist\esnext\schemes\urn.js.map
C:\Users\IT\source\repos\Chat\Chat\node_modules\uri-js\dist\esnext\schemes\urn.d.ts
C:\Users\IT\source\repos\Chat\Chat\node_modules\uri-js\dist\esnext\schemes\urn-uuid.js
C:\Users\IT\source\repos\Chat\Chat\node_modules\uri-js\dist\esnext\schemes\urn-uuid.js.map
C:\Users\IT\source\repos\Chat\Chat\node_modules\uri-js\dist\esnext\schemes\urn-uuid.d.ts
C:\Users\IT\source\repos\Chat\Chat\node_modules\uri-js\dist\esnext\index.js
C:\Users\IT\source\repos\Chat\Chat\node_modules\uri-js\dist\esnext\index.js.map
C:\Users\IT\source\repos\Chat\Chat\node_modules\uri-js\dist\esnext\index.d.ts
